Using pre-set license
Built from '2020.2/release' branch; Version is '2020.2.1f1 (270dd8c3da1c) revision 2559448'; Using compiler version '192528614'; Build Type 'Release'
OS: 'Windows 10  (10.0.0) 64bit' Language: 'zh' Physical Memory: 24461 MB
BatchMode: 1, IsHumanControllingUs: 0, StartBugReporterOnCrash: 0, Is64bit: 1, IsPro: 0

 COMMAND LINE ARGUMENTS:
C:\Program Files\Unity\Hub\Editor\2020.2.1f1\Editor\Unity.exe
-adb2
-batchMode
-noUpm
-name
AssetImportWorker0
-projectPath
D:/Github/Skin/Gpu-Skinning-Gpu-Instance
-logFile
Logs/AssetImportWorker0.log
-srvPort
50369
Successfully changed project path to: D:/Github/Skin/Gpu-Skinning-Gpu-Instance
D:/Github/Skin/Gpu-Skinning-Gpu-Instance
Using Asset Import Pipeline V2.
Refreshing native plugins compatible for Editor in 58.70 ms, found 0 plugins.
Preloading 0 native plugins for Editor in 0.00 ms.
Initialize engine version: 2020.2.1f1 (270dd8c3da1c)
[Subsystems] Discovering subsystems at path C:/Program Files/Unity/Hub/Editor/2020.2.1f1/Editor/Data/Resources/UnitySubsystems
[Subsystems] Discovering subsystems at path D:/Github/Skin/Gpu-Skinning-Gpu-Instance/Assets
GfxDevice: creating device client; threaded=0
Direct3D:
    Version:  Direct3D 11.0 [level 11.1]
    Renderer: NVIDIA GeForce GTX 960 (ID=0x1401)
    Vendor:   
    VRAM:     2007 MB
    Driver:   26.21.14.3200
Initialize mono
Mono path[0] = 'C:/Program Files/Unity/Hub/Editor/2020.2.1f1/Editor/Data/Managed'
Mono path[1] = 'C:/Program Files/Unity/Hub/Editor/2020.2.1f1/Editor/Data/MonoBleedingEdge/lib/mono/unityjit'
Mono config path = 'C:/Program Files/Unity/Hub/Editor/2020.2.1f1/Editor/Data/MonoBleedingEdge/etc'
Using monoOptions --debugger-agent=transport=dt_socket,embedding=1,server=y,suspend=n,address=127.0.0.1:56024
Begin MonoManager ReloadAssembly
Registering precompiled unity dll's ...
Register platform support module: C:/Program Files/Unity/Hub/Editor/2020.2.1f1/Editor/Data/PlaybackEngines/WindowsStandaloneSupport/UnityEditor.WindowsStandalone.Extensions.dll
Registered in 0.006775 seconds.
Native extension for WindowsStandalone target not found
Refreshing native plugins compatible for Editor in 54.71 ms, found 0 plugins.
Preloading 0 native plugins for Editor in 0.00 ms.
Invoked RoslynAnalysisRunner static constructor.
RoslynAnalysisRunner will not be running.
RoslynAnalysisRunner has terminated.
Mono: successfully reloaded assembly
- Completed reload, in  1.482 seconds
Platform modules already initialized, skipping
Registering precompiled user dll's ...
Registered in 0.002174 seconds.
Begin MonoManager ReloadAssembly
Native extension for WindowsStandalone target not found
Refreshing native plugins compatible for Editor in 1.15 ms, found 0 plugins.
Preloading 0 native plugins for Editor in 0.00 ms.
Invoked RoslynAnalysisRunner static constructor.
RoslynAnalysisRunner will not be running.
RoslynAnalysisRunner has terminated.
Mono: successfully reloaded assembly
- Completed reload, in  1.267 seconds
Platform modules already initialized, skipping
========================================================================
Worker process is ready to serve import requests
Launched and connected shader compiler UnityShaderCompiler.exe after 0.07 seconds
Refreshing native plugins compatible for Editor in 0.65 ms, found 0 plugins.
Preloading 0 native plugins for Editor in 0.00 ms.
Unloading 1322 Unused Serialized files (Serialized files now loaded: 0)
System memory in use before: 62.9 MB.
System memory in use after: 63.0 MB.

Unloading 33 unused Assets to reduce memory usage. Loaded Objects now: 1760.
Total: 2.692300 ms (FindLiveObjects: 0.161200 ms CreateObjectMapping: 0.057300 ms MarkObjects: 2.413100 ms  DeleteObjects: 0.059700 ms)

========================================================================
Received Import Request.
  path: Assets/Scene/ParticleInstance.unity
  artifactKey: Guid(b4726ec46f0018f4abb17c4dda0fa77e) Importer(815301076,1909f56bfc062723c751e8b465ee728b)
Start importing Assets/Scene/ParticleInstance.unity using Guid(b4726ec46f0018f4abb17c4dda0fa77e) Importer(815301076,1909f56bfc062723c751e8b465ee728b)  -> (artifact id: '84b50d75df18bf601a736ed3e7908276') in 0.012481 seconds
  Import took 0.015161 seconds .

========================================================================
Received Import Request.
  Time since last request: 135.155959 seconds.
  path: Assets/Scene/Mskin.unity
  artifactKey: Guid(62f2d6b16534ad74093bc12743e8db98) Importer(815301076,1909f56bfc062723c751e8b465ee728b)
Start importing Assets/Scene/Mskin.unity using Guid(62f2d6b16534ad74093bc12743e8db98) Importer(815301076,1909f56bfc062723c751e8b465ee728b)  -> (artifact id: '9950d9b04785da140fbc49c43130fbf4') in 0.004698 seconds
  Import took 0.008279 seconds .

========================================================================
Received Import Request.
  Time since last request: 45.933293 seconds.
  path: Assets/Scene/TestCombineMesh.unity
  artifactKey: Guid(a144bda5de09dd84c8e42b05c17ab488) Importer(815301076,1909f56bfc062723c751e8b465ee728b)
Start importing Assets/Scene/TestCombineMesh.unity using Guid(a144bda5de09dd84c8e42b05c17ab488) Importer(815301076,1909f56bfc062723c751e8b465ee728b)  -> (artifact id: '9bc2fc5bf01079d7e28556e47f438975') in 0.007601 seconds
  Import took 0.010616 seconds .

========================================================================
Received Import Request.
  Time since last request: 11.746513 seconds.
  path: Assets/Scene/main.unity
  artifactKey: Guid(56e966c346356ef4f9dd0065c62d87d3) Importer(815301076,1909f56bfc062723c751e8b465ee728b)
Start importing Assets/Scene/main.unity using Guid(56e966c346356ef4f9dd0065c62d87d3) Importer(815301076,1909f56bfc062723c751e8b465ee728b)  -> (artifact id: 'b50aea00e0b49378b1b974d1de032ef6') in 0.005332 seconds
  Import took 0.008677 seconds .

========================================================================
Received Prepare
Registering precompiled user dll's ...
Registered in 0.003226 seconds.
Begin MonoManager ReloadAssembly
Native extension for WindowsStandalone target not found
Refreshing native plugins compatible for Editor in 1.14 ms, found 0 plugins.
Preloading 0 native plugins for Editor in 0.00 ms.
Invoked RoslynAnalysisRunner static constructor.
RoslynAnalysisRunner will not be running.
RoslynAnalysisRunner has terminated.
Mono: successfully reloaded assembly
- Completed reload, in  1.105 seconds
Platform modules already initialized, skipping
Refreshing native plugins compatible for Editor in 0.52 ms, found 0 plugins.
Preloading 0 native plugins for Editor in 0.00 ms.
Unloading 1310 Unused Serialized files (Serialized files now loaded: 0)
System memory in use before: 62.5 MB.
System memory in use after: 62.6 MB.

Unloading 24 unused Assets to reduce memory usage. Loaded Objects now: 1762.
Total: 3.072600 ms (FindLiveObjects: 0.462400 ms CreateObjectMapping: 0.149500 ms MarkObjects: 2.412100 ms  DeleteObjects: 0.046200 ms)

AssetImportWorkerClient::OnTransportError - code=2 error=End of file
